# JRE version: OpenJDK Runtime Environment Zulu17.42+19-CA (17.0.7+7) (build 17.0.7+7-LTS)
# Java VM: OpenJDK 64-Bit Server VM Zulu17.42+19-CA (17.0.7+7-LTS, mixed mode, emulated-client, sharing, tiered, compressed oops, compressed class ptrs, g1 gc, bsd-aarch64)
GC Precious Log:
 CPUs: 10 total, 10 available
 Memory: 16384M
 Large Page Support: Disabled
 NUMA Support: Disabled
 Compressed Oops: Enabled (Zero based)
 Heap Region Size: 2M
 Heap Min Capacity: 8M
 Heap Initial Capacity: 256M
 Heap Max Capacity: 4G
 Pre-touch: Disabled
 Parallel Workers: 9
 Concurrent Workers: 2
 Concurrent Refinement Workers: 9
 Periodic GC: Disabled
Heap:
 garbage-first heap   total 81920K, used 25006K [0x0000000700000000, 0x0000000800000000)
  region size 2048K, 2 young (4096K), 1 survivors (2048K)
 Metaspace       used 42632K, committed 43200K, reserved 1114112K
  class space    used 5564K, committed 5824K, reserved 1048576K
GC Heap History (20 events):
Event: 0.486 GC heap before
{Heap before GC invocations=0 (full 0):
 garbage-first heap   total 266240K, used 22496K [0x0000000700000000, 0x0000000800000000)
  region size 2048K, 11 young (22528K), 0 survivors (0K)
 Metaspace       used 10198K, committed 10368K, reserved 1114112K
  class space    used 1127K, committed 1216K, reserved 1048576K
}
Event: 0.488 GC heap after
{Heap after GC invocations=1 (full 0):
 garbage-first heap   total 266240K, used 7214K [0x0000000700000000, 0x0000000800000000)
  region size 2048K, 2 young (4096K), 2 survivors (4096K)
 Metaspace       used 10198K, committed 10368K, reserved 1114112K
  class space    used 1127K, committed 1216K, reserved 1048576K
}
Event: 0.676 GC heap before
{Heap before GC invocations=1 (full 0):
 garbage-first heap   total 266240K, used 37934K [0x0000000700000000, 0x0000000800000000)
  region size 2048K, 17 young (34816K), 2 survivors (4096K)
 Metaspace       used 16474K, committed 16768K, reserved 1114112K
  class space    used 2051K, committed 2176K, reserved 1048576K
}
Event: 0.678 GC heap after
{Heap after GC invocations=2 (full 0):
 garbage-first heap   total 266240K, used 9320K [0x0000000700000000, 0x0000000800000000)
  region size 2048K, 1 young (2048K), 1 survivors (2048K)
 Metaspace       used 16474K, committed 16768K, reserved 1114112K
  class space    used 2051K, committed 2176K, reserved 1048576K
}
Event: 0.751 GC heap before
{Heap before GC invocations=2 (full 0):
 garbage-first heap   total 266240K, used 29800K [0x0000000700000000, 0x0000000800000000)
  region size 2048K, 12 young (24576K), 1 survivors (2048K)
 Metaspace       used 21295K, committed 21504K, reserved 1114112K
  class space    used 2636K, committed 2752K, reserved 1048576K
}
Event: 0.752 GC heap after
{Heap after GC invocations=3 (full 0):
 garbage-first heap   total 266240K, used 10574K [0x0000000700000000, 0x0000000800000000)
  region size 2048K, 2 young (4096K), 2 survivors (4096K)
 Metaspace       used 21295K, committed 21504K, reserved 1114112K
  class space    used 2636K, committed 2752K, reserved 1048576K
}
Event: 0.878 GC heap before
{Heap before GC invocations=4 (full 0):
 garbage-first heap   total 55296K, used 39246K [0x0000000700000000, 0x0000000800000000)
  region size 2048K, 17 young (34816K), 2 survivors (4096K)
 Metaspace       used 24564K, committed 24896K, reserved 1114112K
  class space    used 3128K, committed 3264K, reserved 1048576K
}
Event: 0.881 GC heap after
{Heap after GC invocations=5 (full 0):
 garbage-first heap   total 55296K, used 13195K [0x0000000700000000, 0x0000000800000000)
  region size 2048K, 3 young (6144K), 3 survivors (6144K)
 Metaspace       used 24564K, committed 24896K, reserved 1114112K
  class space    used 3128K, committed 3264K, reserved 1048576K
}
Event: 0.896 GC heap before
{Heap before GC invocations=5 (full 0):
 garbage-first heap   total 55296K, used 15243K [0x0000000700000000, 0x0000000800000000)
  region size 2048K, 4 young (8192K), 3 survivors (6144K)
 Metaspace       used 24865K, committed 25216K, reserved 1114112K
  class space    used 3174K, committed 3328K, reserved 1048576K
}
Event: 0.899 GC heap after
{Heap after GC invocations=6 (full 0):
 garbage-first heap   total 55296K, used 13502K [0x0000000700000000, 0x0000000800000000)
  region size 2048K, 1 young (2048K), 1 survivors (2048K)
 Metaspace       used 24865K, committed 25216K, reserved 1114112K
  class space    used 3174K, committed 3328K, reserved 1048576K
}
Event: 1.034 GC heap before
{Heap before GC invocations=6 (full 0):
 garbage-first heap   total 55296K, used 33982K [0x0000000700000000, 0x0000000800000000)
  region size 2048K, 11 young (22528K), 1 survivors (2048K)
 Metaspace       used 27769K, committed 28160K, reserved 1114112K
  class space    used 3597K, committed 3776K, reserved 1048576K
}
Event: 1.036 GC heap after
{Heap after GC invocations=7 (full 0):
 garbage-first heap   total 55296K, used 14123K [0x0000000700000000, 0x0000000800000000)
  region size 2048K, 1 young (2048K), 1 survivors (2048K)
 Metaspace       used 27769K, committed 28160K, reserved 1114112K
  class space    used 3597K, committed 3776K, reserved 1048576K
}
Event: 1.181 GC heap before
{Heap before GC invocations=7 (full 0):
 garbage-first heap   total 55296K, used 36651K [0x0000000700000000, 0x0000000800000000)
  region size 2048K, 12 young (24576K), 1 survivors (2048K)
 Metaspace       used 31992K, committed 32384K, reserved 1114112K
  class space    used 4202K, committed 4352K, reserved 1048576K
}
Event: 1.184 GC heap after
{Heap after GC invocations=8 (full 0):
 garbage-first heap   total 159744K, used 15860K [0x0000000700000000, 0x0000000800000000)
  region size 2048K, 2 young (4096K), 2 survivors (4096K)
 Metaspace       used 31992K, committed 32384K, reserved 1114112K
  class space    used 4202K, committed 4352K, reserved 1048576K
}
Event: 1.360 GC heap before
{Heap before GC invocations=8 (full 0):
 garbage-first heap   total 159744K, used 42484K [0x0000000700000000, 0x0000000800000000)
  region size 2048K, 16 young (32768K), 2 survivors (4096K)
 Metaspace       used 35704K, committed 36160K, reserved 1114112K
  class space    used 4699K, committed 4928K, reserved 1048576K
}
Event: 1.362 GC heap after
{Heap after GC invocations=9 (full 0):
 garbage-first heap   total 159744K, used 18174K [0x0000000700000000, 0x0000000800000000)
  region size 2048K, 3 young (6144K), 3 survivors (6144K)
 Metaspace       used 35704K, committed 36160K, reserved 1114112K
  class space    used 4699K, committed 4928K, reserved 1048576K
}
Event: 9.792 GC heap before
{Heap before GC invocations=10 (full 0):
 garbage-first heap   total 81920K, used 63230K [0x0000000700000000, 0x0000000800000000)
  region size 2048K, 24 young (49152K), 3 survivors (6144K)
 Metaspace       used 42339K, committed 42880K, reserved 1114112K
  class space    used 5521K, committed 5760K, reserved 1048576K
}
Event: 9.811 GC heap after
{Heap after GC invocations=11 (full 0):
 garbage-first heap   total 81920K, used 24524K [0x0000000700000000, 0x0000000800000000)
  region size 2048K, 3 young (6144K), 3 survivors (6144K)
 Metaspace       used 42339K, committed 42880K, reserved 1114112K
  class space    used 5521K, committed 5760K, reserved 1048576K
}
Event: 9.868 GC heap before
{Heap before GC invocations=11 (full 0):
 garbage-first heap   total 81920K, used 34764K [0x0000000700000000, 0x0000000800000000)
  region size 2048K, 4 young (8192K), 3 survivors (6144K)
 Metaspace       used 42630K, committed 43136K, reserved 1114112K
  class space    used 5563K, committed 5824K, reserved 1048576K
}
Event: 9.870 GC heap after
{Heap after GC invocations=12 (full 0):
 garbage-first heap   total 81920K, used 25006K [0x0000000700000000, 0x0000000800000000)
  region size 2048K, 1 young (2048K), 1 survivors (2048K)
 Metaspace       used 42630K, committed 43136K, reserved 1114112K
  class space    used 5563K, committed 5824K, reserved 1048576K
}

