# JRE version: OpenJDK Runtime Environment Zulu17.42+19-CA (17.0.7+7) (build 17.0.7+7-LTS)
# Java VM: OpenJDK 64-Bit Server VM Zulu17.42+19-CA (17.0.7+7-LTS, mixed mode, emulated-client, sharing, tiered, compressed oops, compressed class ptrs, g1 gc, bsd-aarch64)
GC Precious Log:
 CPUs: 10 total, 10 available
 Memory: 16384M
 Large Page Support: Disabled
 NUMA Support: Disabled
 Compressed Oops: Enabled (Zero based)
 Heap Region Size: 2M
 Heap Min Capacity: 8M
 Heap Initial Capacity: 256M
 Heap Max Capacity: 4G
 Pre-touch: Disabled
 Parallel Workers: 9
 Concurrent Workers: 2
 Concurrent Refinement Workers: 9
 Periodic GC: Disabled
Heap:
 garbage-first heap   total 81920K, used 35162K [0x0000000700000000, 0x0000000800000000)
  region size 2048K, 5 young (10240K), 3 survivors (6144K)
 Metaspace       used 42632K, committed 43200K, reserved 1114112K
  class space    used 5560K, committed 5824K, reserved 1048576K
GC Heap History (18 events):
Event: 1.095 GC heap before
{Heap before GC invocations=0 (full 0):
 garbage-first heap   total 266240K, used 22496K [0x0000000700000000, 0x0000000800000000)
  region size 2048K, 11 young (22528K), 0 survivors (0K)
 Metaspace       used 10037K, committed 10176K, reserved 1114112K
  class space    used 1101K, committed 1152K, reserved 1048576K
}
Event: 1.097 GC heap after
{Heap after GC invocations=1 (full 0):
 garbage-first heap   total 266240K, used 7198K [0x0000000700000000, 0x0000000800000000)
  region size 2048K, 2 young (4096K), 2 survivors (4096K)
 Metaspace       used 10037K, committed 10176K, reserved 1114112K
  class space    used 1101K, committed 1152K, reserved 1048576K
}
Event: 1.285 GC heap before
{Heap before GC invocations=1 (full 0):
 garbage-first heap   total 266240K, used 37918K [0x0000000700000000, 0x0000000800000000)
  region size 2048K, 17 young (34816K), 2 survivors (4096K)
 Metaspace       used 16364K, committed 16704K, reserved 1114112K
  class space    used 2050K, committed 2176K, reserved 1048576K
}
Event: 1.287 GC heap after
{Heap after GC invocations=2 (full 0):
 garbage-first heap   total 266240K, used 9871K [0x0000000700000000, 0x0000000800000000)
  region size 2048K, 2 young (4096K), 2 survivors (4096K)
 Metaspace       used 16364K, committed 16704K, reserved 1114112K
  class space    used 2050K, committed 2176K, reserved 1048576K
}
Event: 1.361 GC heap before
{Heap before GC invocations=2 (full 0):
 garbage-first heap   total 266240K, used 32399K [0x0000000700000000, 0x0000000800000000)
  region size 2048K, 14 young (28672K), 2 survivors (4096K)
 Metaspace       used 21276K, committed 21504K, reserved 1114112K
  class space    used 2628K, committed 2752K, reserved 1048576K
}
Event: 1.362 GC heap after
{Heap after GC invocations=3 (full 0):
 garbage-first heap   total 266240K, used 10904K [0x0000000700000000, 0x0000000800000000)
  region size 2048K, 2 young (4096K), 2 survivors (4096K)
 Metaspace       used 21276K, committed 21504K, reserved 1114112K
  class space    used 2628K, committed 2752K, reserved 1048576K
}
Event: 1.480 GC heap before
{Heap before GC invocations=4 (full 0):
 garbage-first heap   total 55296K, used 39576K [0x0000000700000000, 0x0000000800000000)
  region size 2048K, 17 young (34816K), 2 survivors (4096K)
 Metaspace       used 25136K, committed 25472K, reserved 1114112K
  class space    used 3208K, committed 3328K, reserved 1048576K
}
Event: 1.483 GC heap after
{Heap after GC invocations=5 (full 0):
 garbage-first heap   total 55296K, used 13221K [0x0000000700000000, 0x0000000800000000)
  region size 2048K, 3 young (6144K), 3 survivors (6144K)
 Metaspace       used 25136K, committed 25472K, reserved 1114112K
  class space    used 3208K, committed 3328K, reserved 1048576K
}
Event: 1.496 GC heap before
{Heap before GC invocations=5 (full 0):
 garbage-first heap   total 55296K, used 15269K [0x0000000700000000, 0x0000000800000000)
  region size 2048K, 4 young (8192K), 3 survivors (6144K)
 Metaspace       used 25171K, committed 25472K, reserved 1114112K
  class space    used 3217K, committed 3328K, reserved 1048576K
}
Event: 1.499 GC heap after
{Heap after GC invocations=6 (full 0):
 garbage-first heap   total 55296K, used 13847K [0x0000000700000000, 0x0000000800000000)
  region size 2048K, 1 young (2048K), 1 survivors (2048K)
 Metaspace       used 25171K, committed 25472K, reserved 1114112K
  class space    used 3217K, committed 3328K, reserved 1048576K
}
Event: 1.628 GC heap before
{Heap before GC invocations=6 (full 0):
 garbage-first heap   total 55296K, used 32279K [0x0000000700000000, 0x0000000800000000)
  region size 2048K, 11 young (22528K), 1 survivors (2048K)
 Metaspace       used 27728K, committed 28096K, reserved 1114112K
  class space    used 3598K, committed 3776K, reserved 1048576K
}
Event: 1.630 GC heap after
{Heap after GC invocations=7 (full 0):
 garbage-first heap   total 55296K, used 14658K [0x0000000700000000, 0x0000000800000000)
  region size 2048K, 1 young (2048K), 1 survivors (2048K)
 Metaspace       used 27728K, committed 28096K, reserved 1114112K
  class space    used 3598K, committed 3776K, reserved 1048576K
}
Event: 1.774 GC heap before
{Heap before GC invocations=7 (full 0):
 garbage-first heap   total 55296K, used 33090K [0x0000000700000000, 0x0000000800000000)
  region size 2048K, 11 young (22528K), 1 survivors (2048K)
 Metaspace       used 31620K, committed 32000K, reserved 1114112K
  class space    used 4179K, committed 4352K, reserved 1048576K
}
Event: 1.776 GC heap after
{Heap after GC invocations=8 (full 0):
 garbage-first heap   total 159744K, used 16280K [0x0000000700000000, 0x0000000800000000)
  region size 2048K, 2 young (4096K), 2 survivors (4096K)
 Metaspace       used 31620K, committed 32000K, reserved 1114112K
  class space    used 4179K, committed 4352K, reserved 1048576K
}
Event: 1.978 GC heap before
{Heap before GC invocations=8 (full 0):
 garbage-first heap   total 159744K, used 44952K [0x0000000700000000, 0x0000000800000000)
  region size 2048K, 17 young (34816K), 2 survivors (4096K)
 Metaspace       used 35696K, committed 36160K, reserved 1114112K
  class space    used 4693K, committed 4928K, reserved 1048576K
}
Event: 1.980 GC heap after
{Heap after GC invocations=9 (full 0):
 garbage-first heap   total 159744K, used 18766K [0x0000000700000000, 0x0000000800000000)
  region size 2048K, 3 young (6144K), 3 survivors (6144K)
 Metaspace       used 35696K, committed 36160K, reserved 1114112K
  class space    used 4693K, committed 4928K, reserved 1048576K
}
Event: 23.708 GC heap before
{Heap before GC invocations=10 (full 0):
 garbage-first heap   total 81920K, used 61774K [0x0000000700000000, 0x0000000800000000)
  region size 2048K, 24 young (49152K), 3 survivors (6144K)
 Metaspace       used 42029K, committed 42560K, reserved 1114112K
  class space    used 5498K, committed 5760K, reserved 1048576K
}
Event: 23.716 GC heap after
{Heap after GC invocations=11 (full 0):
 garbage-first heap   total 81920K, used 24922K [0x0000000700000000, 0x0000000800000000)
  region size 2048K, 3 young (6144K), 3 survivors (6144K)
 Metaspace       used 42029K, committed 42560K, reserved 1114112K
  class space    used 5498K, committed 5760K, reserved 1048576K
}

